<?xml version="1.0" encoding="UTF-8"?>
<testng-results ignored="0" total="6" passed="6" failed="0" skipped="0">
  <reporter-output>
  </reporter-output>
  <suite started-at="2025-08-29T11:15:52 IST" name="Default suite" finished-at="2025-08-29T11:16:07 IST" duration-ms="15512">
    <groups>
    </groups>
    <test started-at="2025-08-29T11:15:52 IST" name="Default test" finished-at="2025-08-29T11:16:07 IST" duration-ms="15512">
      <class name="com.Kodnest.Login.LoginPage">
        <test-method is-config="true" signature="InitialSetUp(java.lang.String)[pri:0, instance:com.Kodnest.Login.LoginPage@367ffa75]" started-at="2025-08-29T11:15:52 IST" name="InitialSetUp" finished-at="2025-08-29T11:15:55 IST" duration-ms="3184" status="PASS">
          <params>
            <param index="0">
              <value>
                <![CDATA[https://app.kodnest.com/login]]>
              </value>
            </param>
          </params>
          <reporter-output>
          </reporter-output>
        </test-method> <!-- InitialSetUp -->
        <test-method signature="InvalidEmailFormat()[pri:1, instance:com.Kodnest.Login.LoginPage@367ffa75]" started-at="2025-08-29T11:15:55 IST" name="InvalidEmailFormat" finished-at="2025-08-29T11:15:57 IST" duration-ms="2119" status="PASS">
          <reporter-output>
          </reporter-output>
        </test-method> <!-- InvalidEmailFormat -->
        <test-method signature="IncorrectCredentials()[pri:2, instance:com.Kodnest.Login.LoginPage@367ffa75]" started-at="2025-08-29T11:15:57 IST" name="IncorrectCredentials" finished-at="2025-08-29T11:16:01 IST" duration-ms="3607" status="PASS">
          <reporter-output>
          </reporter-output>
        </test-method> <!-- IncorrectCredentials -->
        <test-method signature="UserNotFound()[pri:3, instance:com.Kodnest.Login.LoginPage@367ffa75]" started-at="2025-08-29T11:16:01 IST" name="UserNotFound" finished-at="2025-08-29T11:16:04 IST" duration-ms="3061" status="PASS">
          <reporter-output>
          </reporter-output>
        </test-method> <!-- UserNotFound -->
        <test-method signature="EmailPasswordFieldBlank()[pri:4, instance:com.Kodnest.Login.LoginPage@367ffa75]" started-at="2025-08-29T11:16:04 IST" name="EmailPasswordFieldBlank" finished-at="2025-08-29T11:16:05 IST" duration-ms="1173" status="PASS">
          <reporter-output>
          </reporter-output>
        </test-method> <!-- EmailPasswordFieldBlank -->
        <test-method signature="togglePassword()[pri:5, instance:com.Kodnest.Login.LoginPage@367ffa75]" started-at="2025-08-29T11:16:05 IST" name="togglePassword" finished-at="2025-08-29T11:16:07 IST" duration-ms="1664" status="PASS">
          <reporter-output>
          </reporter-output>
        </test-method> <!-- togglePassword -->
        <test-method signature="ValidLogin()[pri:6, instance:com.Kodnest.Login.LoginPage@367ffa75]" started-at="2025-08-29T11:16:07 IST" name="ValidLogin" finished-at="2025-08-29T11:16:07 IST" duration-ms="506" status="PASS">
          <reporter-output>
          </reporter-output>
        </test-method> <!-- ValidLogin -->
        <test-method is-config="true" signature="clean()[pri:0, instance:com.Kodnest.Login.LoginPage@367ffa75]" started-at="2025-08-29T11:16:07 IST" name="clean" finished-at="2025-08-29T11:16:07 IST" duration-ms="159" status="PASS">
          <reporter-output>
          </reporter-output>
        </test-method> <!-- clean -->
      </class> <!-- com.Kodnest.Login.LoginPage -->
    </test> <!-- Default test -->
  </suite> <!-- Default suite -->
</testng-results>
