<?xml version="1.0" encoding="UTF-8"?>
<testng-results ignored="0" total="22" passed="22" failed="0" skipped="0">
  <reporter-output>
  </reporter-output>
  <suite started-at="2025-08-11T20:57:58 IST" name="SuiteKodnest" finished-at="2025-08-11T20:59:28 IST" duration-ms="89356">
    <groups>
    </groups>
    <test started-at="2025-08-11T20:57:58 IST" name="TestPasswordRecoveryKodNest" finished-at="2025-08-11T20:58:10 IST" duration-ms="12149">
      <class name="com.Kodnest.ForgotPassword.ForgotPassword">
        <test-method is-config="true" signature="setUp(java.lang.String)[pri:0, instance:com.Kodnest.ForgotPassword.ForgotPassword@49438269]" started-at="2025-08-11T20:57:58 IST" name="setUp" finished-at="2025-08-11T20:58:02 IST" duration-ms="3848" status="PASS">
          <params>
            <param index="0">
              <value>
                <![CDATA[https://app.kodnest.com/forgot-password]]>
              </value>
            </param>
          </params>
          <reporter-output>
          </reporter-output>
        </test-method> <!-- setUp -->
        <test-method signature="invalidEmailFormat()[pri:1, instance:com.Kodnest.ForgotPassword.ForgotPassword@49438269]" started-at="2025-08-11T20:58:02 IST" name="invalidEmailFormat" finished-at="2025-08-11T20:58:04 IST" duration-ms="1928" status="PASS">
          <reporter-output>
          </reporter-output>
        </test-method> <!-- invalidEmailFormat -->
        <test-method is-config="true" signature="clearField(org.testng.ITestResult)[pri:0, instance:com.Kodnest.ForgotPassword.ForgotPassword@49438269]" started-at="2025-08-11T20:58:04 IST" name="clearField" finished-at="2025-08-11T20:58:04 IST" duration-ms="284" status="PASS">
          <params>
            <param index="0">
              <value>
                <![CDATA[[TestResult name=invalidEmailFormat status=SUCCESS method=ForgotPassword.invalidEmailFormat()[pri:1, instance:com.Kodnest.ForgotPassword.ForgotPassword@49438269] output={null}]]]>
              </value>
            </param>
          </params>
          <reporter-output>
          </reporter-output>
        </test-method> <!-- clearField -->
        <test-method signature="emptyField()[pri:2, instance:com.Kodnest.ForgotPassword.ForgotPassword@49438269]" started-at="2025-08-11T20:58:04 IST" name="emptyField" finished-at="2025-08-11T20:58:06 IST" duration-ms="1560" status="PASS">
          <reporter-output>
          </reporter-output>
        </test-method> <!-- emptyField -->
        <test-method is-config="true" signature="clearField(org.testng.ITestResult)[pri:0, instance:com.Kodnest.ForgotPassword.ForgotPassword@49438269]" started-at="2025-08-11T20:58:06 IST" name="clearField" finished-at="2025-08-11T20:58:06 IST" duration-ms="257" status="PASS">
          <params>
            <param index="0">
              <value>
                <![CDATA[[TestResult name=emptyField status=SUCCESS method=ForgotPassword.emptyField()[pri:2, instance:com.Kodnest.ForgotPassword.ForgotPassword@49438269] output={null}]]]>
              </value>
            </param>
          </params>
          <reporter-output>
          </reporter-output>
        </test-method> <!-- clearField -->
        <test-method signature="invalidUser()[pri:3, instance:com.Kodnest.ForgotPassword.ForgotPassword@49438269]" started-at="2025-08-11T20:58:06 IST" name="invalidUser" finished-at="2025-08-11T20:58:10 IST" duration-ms="3604" status="PASS">
          <reporter-output>
          </reporter-output>
        </test-method> <!-- invalidUser -->
        <test-method is-config="true" signature="clearField(org.testng.ITestResult)[pri:0, instance:com.Kodnest.ForgotPassword.ForgotPassword@49438269]" started-at="2025-08-11T20:58:10 IST" name="clearField" finished-at="2025-08-11T20:58:10 IST" duration-ms="236" status="PASS">
          <params>
            <param index="0">
              <value>
                <![CDATA[[TestResult name=invalidUser status=SUCCESS method=ForgotPassword.invalidUser()[pri:3, instance:com.Kodnest.ForgotPassword.ForgotPassword@49438269] output={null}]]]>
              </value>
            </param>
          </params>
          <reporter-output>
          </reporter-output>
        </test-method> <!-- clearField -->
        <test-method signature="validUser()[pri:4, instance:com.Kodnest.ForgotPassword.ForgotPassword@49438269]" started-at="2025-08-11T20:58:10 IST" name="validUser" finished-at="2025-08-11T20:58:10 IST" duration-ms="207" status="PASS">
          <reporter-output>
          </reporter-output>
        </test-method> <!-- validUser -->
        <test-method is-config="true" signature="clean()[pri:0, instance:com.Kodnest.ForgotPassword.ForgotPassword@49438269]" started-at="2025-08-11T20:58:10 IST" name="clean" finished-at="2025-08-11T20:58:10 IST" duration-ms="179" status="PASS">
          <reporter-output>
          </reporter-output>
        </test-method> <!-- clean -->
        <test-method is-config="true" signature="clearField(org.testng.ITestResult)[pri:0, instance:com.Kodnest.ForgotPassword.ForgotPassword@49438269]" started-at="2025-08-11T20:58:10 IST" name="clearField" finished-at="2025-08-11T20:58:10 IST" duration-ms="0" status="PASS">
          <params>
            <param index="0">
              <value>
                <![CDATA[[TestResult name=validUser status=SUCCESS method=ForgotPassword.validUser()[pri:4, instance:com.Kodnest.ForgotPassword.ForgotPassword@49438269] output={null}]]]>
              </value>
            </param>
          </params>
          <reporter-output>
          </reporter-output>
        </test-method> <!-- clearField -->
      </class> <!-- com.Kodnest.ForgotPassword.ForgotPassword -->
    </test> <!-- TestPasswordRecoveryKodNest -->
    <test started-at="2025-08-11T20:58:10 IST" name="TestRegistrationKodNest" finished-at="2025-08-11T20:59:12 IST" duration-ms="61776">
      <class name="com.Kodnest.Registration.RegistrationTestCases">
        <test-method is-config="true" signature="setup(java.lang.String)[pri:0, instance:com.Kodnest.Registration.RegistrationTestCases@1757cd72]" started-at="2025-08-11T20:58:10 IST" name="setup" finished-at="2025-08-11T20:58:16 IST" duration-ms="5608" status="PASS">
          <params>
            <param index="0">
              <value>
                <![CDATA[https://www.kodnest.com/]]>
              </value>
            </param>
          </params>
          <reporter-output>
          </reporter-output>
        </test-method> <!-- setup -->
        <test-method signature="numericValueInNameField()[pri:1, instance:com.Kodnest.Registration.RegistrationTestCases@1757cd72]" started-at="2025-08-11T20:58:16 IST" name="numericValueInNameField" finished-at="2025-08-11T20:58:23 IST" duration-ms="6562" status="PASS">
          <reporter-output>
          </reporter-output>
        </test-method> <!-- numericValueInNameField -->
        <test-method signature="specialValueInNameField()[pri:2, instance:com.Kodnest.Registration.RegistrationTestCases@1757cd72]" started-at="2025-08-11T20:58:23 IST" name="specialValueInNameField" finished-at="2025-08-11T20:58:29 IST" duration-ms="6540" status="PASS">
          <reporter-output>
          </reporter-output>
        </test-method> <!-- specialValueInNameField -->
        <test-method signature="allFieldBlank()[pri:3, instance:com.Kodnest.Registration.RegistrationTestCases@1757cd72]" started-at="2025-08-11T20:58:29 IST" name="allFieldBlank" finished-at="2025-08-11T20:58:32 IST" duration-ms="3351" status="PASS">
          <reporter-output>
          </reporter-output>
        </test-method> <!-- allFieldBlank -->
        <test-method signature="invalidFormatedEmailEntry()[pri:4, instance:com.Kodnest.Registration.RegistrationTestCases@1757cd72]" started-at="2025-08-11T20:58:32 IST" name="invalidFormatedEmailEntry" finished-at="2025-08-11T20:58:39 IST" duration-ms="6651" status="PASS">
          <reporter-output>
          </reporter-output>
        </test-method> <!-- invalidFormatedEmailEntry -->
        <test-method signature="registeredEmailEntry()[pri:5, instance:com.Kodnest.Registration.RegistrationTestCases@1757cd72]" started-at="2025-08-11T20:58:39 IST" name="registeredEmailEntry" finished-at="2025-08-11T20:58:46 IST" duration-ms="6590" status="PASS">
          <reporter-output>
          </reporter-output>
        </test-method> <!-- registeredEmailEntry -->
        <test-method signature="negativePhoneEntry()[pri:6, instance:com.Kodnest.Registration.RegistrationTestCases@1757cd72]" started-at="2025-08-11T20:58:46 IST" name="negativePhoneEntry" finished-at="2025-08-11T20:58:52 IST" duration-ms="6558" status="PASS">
          <reporter-output>
          </reporter-output>
        </test-method> <!-- negativePhoneEntry -->
        <test-method signature="lesserThanTenDigitPhoneAndWhatsappEntry()[pri:7, instance:com.Kodnest.Registration.RegistrationTestCases@1757cd72]" started-at="2025-08-11T20:58:52 IST" name="lesserThanTenDigitPhoneAndWhatsappEntry" finished-at="2025-08-11T20:58:59 IST" duration-ms="6539" status="PASS">
          <reporter-output>
          </reporter-output>
        </test-method> <!-- lesserThanTenDigitPhoneAndWhatsappEntry -->
        <test-method signature="moreThanTenDigitPhoneAndWhatsappEntry()[pri:8, instance:com.Kodnest.Registration.RegistrationTestCases@1757cd72]" started-at="2025-08-11T20:58:59 IST" name="moreThanTenDigitPhoneAndWhatsappEntry" finished-at="2025-08-11T20:59:05 IST" duration-ms="6488" status="PASS">
          <reporter-output>
          </reporter-output>
        </test-method> <!-- moreThanTenDigitPhoneAndWhatsappEntry -->
        <test-method signature="graduationYearDropDown()[pri:9, instance:com.Kodnest.Registration.RegistrationTestCases@1757cd72]" started-at="2025-08-11T20:59:05 IST" name="graduationYearDropDown" finished-at="2025-08-11T20:59:05 IST" duration-ms="17" status="PASS">
          <reporter-output>
          </reporter-output>
        </test-method> <!-- graduationYearDropDown -->
        <test-method signature="languageDropDown()[pri:10, instance:com.Kodnest.Registration.RegistrationTestCases@1757cd72]" started-at="2025-08-11T20:59:05 IST" name="languageDropDown" finished-at="2025-08-11T20:59:05 IST" duration-ms="9" status="PASS">
          <reporter-output>
          </reporter-output>
        </test-method> <!-- languageDropDown -->
        <test-method signature="nonExistingUserReferralEntry()[pri:11, instance:com.Kodnest.Registration.RegistrationTestCases@1757cd72]" started-at="2025-08-11T20:59:05 IST" name="nonExistingUserReferralEntry" finished-at="2025-08-11T20:59:12 IST" duration-ms="6607" status="PASS">
          <reporter-output>
          </reporter-output>
        </test-method> <!-- nonExistingUserReferralEntry -->
        <test-method signature="allValidInputs()[pri:12, instance:com.Kodnest.Registration.RegistrationTestCases@1757cd72]" started-at="2025-08-11T20:59:12 IST" name="allValidInputs" finished-at="2025-08-11T20:59:12 IST" duration-ms="18" status="PASS">
          <reporter-output>
          </reporter-output>
        </test-method> <!-- allValidInputs -->
        <test-method is-config="true" signature="clean()[pri:0, instance:com.Kodnest.Registration.RegistrationTestCases@1757cd72]" started-at="2025-08-11T20:59:12 IST" name="clean" finished-at="2025-08-11T20:59:12 IST" duration-ms="198" status="PASS">
          <reporter-output>
          </reporter-output>
        </test-method> <!-- clean -->
      </class> <!-- com.Kodnest.Registration.RegistrationTestCases -->
    </test> <!-- TestRegistrationKodNest -->
    <test started-at="2025-08-11T20:59:12 IST" name="TestLoginKodNest" finished-at="2025-08-11T20:59:28 IST" duration-ms="15352">
      <class name="com.Kodnest.Login.LoginPage">
        <test-method is-config="true" signature="InitialSetUp(java.lang.String)[pri:0, instance:com.Kodnest.Login.LoginPage@3af9c5b7]" started-at="2025-08-11T20:59:12 IST" name="InitialSetUp" finished-at="2025-08-11T20:59:15 IST" duration-ms="2794" status="PASS">
          <params>
            <param index="0">
              <value>
                <![CDATA[https://app.kodnest.com/login]]>
              </value>
            </param>
          </params>
          <reporter-output>
          </reporter-output>
        </test-method> <!-- InitialSetUp -->
        <test-method signature="InvalidEmailFormat()[pri:1, instance:com.Kodnest.Login.LoginPage@3af9c5b7]" started-at="2025-08-11T20:59:15 IST" name="InvalidEmailFormat" finished-at="2025-08-11T20:59:17 IST" duration-ms="2183" status="PASS">
          <reporter-output>
          </reporter-output>
        </test-method> <!-- InvalidEmailFormat -->
        <test-method signature="IncorrectCredentials()[pri:2, instance:com.Kodnest.Login.LoginPage@3af9c5b7]" started-at="2025-08-11T20:59:17 IST" name="IncorrectCredentials" finished-at="2025-08-11T20:59:21 IST" duration-ms="4156" status="PASS">
          <reporter-output>
          </reporter-output>
        </test-method> <!-- IncorrectCredentials -->
        <test-method signature="UserNotFound()[pri:3, instance:com.Kodnest.Login.LoginPage@3af9c5b7]" started-at="2025-08-11T20:59:21 IST" name="UserNotFound" finished-at="2025-08-11T20:59:24 IST" duration-ms="3170" status="PASS">
          <reporter-output>
          </reporter-output>
        </test-method> <!-- UserNotFound -->
        <test-method signature="EmailPasswordFieldBlank()[pri:4, instance:com.Kodnest.Login.LoginPage@3af9c5b7]" started-at="2025-08-11T20:59:24 IST" name="EmailPasswordFieldBlank" finished-at="2025-08-11T20:59:26 IST" duration-ms="1463" status="PASS">
          <reporter-output>
          </reporter-output>
        </test-method> <!-- EmailPasswordFieldBlank -->
        <test-method signature="togglePassword()[pri:5, instance:com.Kodnest.Login.LoginPage@3af9c5b7]" started-at="2025-08-11T20:59:26 IST" name="togglePassword" finished-at="2025-08-11T20:59:27 IST" duration-ms="1354" status="PASS">
          <reporter-output>
          </reporter-output>
        </test-method> <!-- togglePassword -->
        <test-method signature="ValidLogin()[pri:6, instance:com.Kodnest.Login.LoginPage@3af9c5b7]" started-at="2025-08-11T20:59:27 IST" name="ValidLogin" finished-at="2025-08-11T20:59:27 IST" duration-ms="31" status="PASS">
          <reporter-output>
          </reporter-output>
        </test-method> <!-- ValidLogin -->
        <test-method is-config="true" signature="clean()[pri:0, instance:com.Kodnest.Login.LoginPage@3af9c5b7]" started-at="2025-08-11T20:59:27 IST" name="clean" finished-at="2025-08-11T20:59:28 IST" duration-ms="181" status="PASS">
          <reporter-output>
          </reporter-output>
        </test-method> <!-- clean -->
      </class> <!-- com.Kodnest.Login.LoginPage -->
    </test> <!-- TestLoginKodNest -->
  </suite> <!-- SuiteKodnest -->
</testng-results>
