<?xml version="1.0" encoding="UTF-8"?>
<!-- Generated by org.testng.reporters.JUnitXMLReporter -->
<testsuite ignored="0" hostname="DESKTOP-FGSNC6I" failures="0" tests="6" name="Default test" time="15.512" errors="0" timestamp="2025-08-29T11:16:07 IST">
  <testcase classname="com.Kodnest.Login.LoginPage" name="InvalidEmailFormat" time="2.119"/>
  <testcase classname="com.Kodnest.Login.LoginPage" name="IncorrectCredentials" time="3.607"/>
  <testcase classname="com.Kodnest.Login.LoginPage" name="UserNotFound" time="3.061"/>
  <testcase classname="com.Kodnest.Login.LoginPage" name="EmailPasswordFieldBlank" time="1.173"/>
  <testcase classname="com.Kodnest.Login.LoginPage" name="togglePassword" time="1.664"/>
  <testcase classname="com.Kodnest.Login.LoginPage" name="ValidLogin" time="0.506"/>
</testsuite> <!-- Default test -->
