<?xml version="1.0" encoding="UTF-8"?>
<!-- Generated by org.testng.reporters.JUnitXMLReporter -->
<testsuite ignored="0" hostname="DESKTOP-FGSNC6I" failures="0" tests="12" name="Default test" time="58.744" errors="0" timestamp="2025-08-11T20:32:36 IST">
  <testcase classname="com.Kodnest.Registration.RegistrationTestCases" name="numericValueInNameField" time="6.293"/>
  <testcase classname="com.Kodnest.Registration.RegistrationTestCases" name="specialValueInNameField" time="5.735"/>
  <testcase classname="com.Kodnest.Registration.RegistrationTestCases" name="allFieldBlank" time="3.102"/>
  <testcase classname="com.Kodnest.Registration.RegistrationTestCases" name="invalidFormatedEmailEntry" time="6.298"/>
  <testcase classname="com.Kodnest.Registration.RegistrationTestCases" name="registeredEmailEntry" time="6.383"/>
  <testcase classname="com.Kodnest.Registration.RegistrationTestCases" name="negativePhoneEntry" time="5.884"/>
  <testcase classname="com.Kodnest.Registration.RegistrationTestCases" name="lesserThanTenDigitPhoneAndWhatsappEntry" time="5.92"/>
  <testcase classname="com.Kodnest.Registration.RegistrationTestCases" name="moreThanTenDigitPhoneAndWhatsappEntry" time="5.798"/>
  <testcase classname="com.Kodnest.Registration.RegistrationTestCases" name="graduationYearDropDown" time="0.034"/>
  <testcase classname="com.Kodnest.Registration.RegistrationTestCases" name="languageDropDown" time="0.014"/>
  <testcase classname="com.Kodnest.Registration.RegistrationTestCases" name="nonExistingUserReferralEntry" time="5.948"/>
  <testcase classname="com.Kodnest.Registration.RegistrationTestCases" name="allValidInputs" time="0.019"/>
</testsuite> <!-- Default test -->
