<?xml version="1.0" encoding="UTF-8"?>
<!-- Generated by org.testng.reporters.JUnitXMLReporter -->
<testsuite ignored="0" hostname="DESKTOP-FGSNC6I" failures="0" tests="6" name="TestLoginKodNest" time="39.119" errors="0" timestamp="2025-08-23T22:00:26 IST">
  <testcase classname="com.Kodnest.Login.LoginPage" name="InvalidEmailFormat" time="4.409"/>
  <testcase classname="com.Kodnest.Login.LoginPage" name="IncorrectCredentials" time="3.97"/>
  <testcase classname="com.Kodnest.Login.LoginPage" name="UserNotFound" time="5.577"/>
  <testcase classname="com.Kodnest.Login.LoginPage" name="EmailPasswordFieldBlank" time="3.36"/>
  <testcase classname="com.Kodnest.Login.LoginPage" name="togglePassword" time="2.933"/>
  <testcase classname="com.Kodnest.Login.LoginPage" name="ValidLogin" time="0.016"/>
</testsuite> <!-- TestLoginKodNest -->
