<?xml version="1.0" encoding="UTF-8"?>
<!-- Generated by org.testng.reporters.JUnitXMLReporter -->
<testsuite ignored="0" hostname="DESKTOP-FGSNC6I" failures="0" tests="12" name="TestRegistrationKodNest" time="61.776" errors="0" timestamp="2025-08-11T20:59:12 IST">
  <testcase classname="com.Kodnest.Registration.RegistrationTestCases" name="numericValueInNameField" time="6.562"/>
  <testcase classname="com.Kodnest.Registration.RegistrationTestCases" name="specialValueInNameField" time="6.54"/>
  <testcase classname="com.Kodnest.Registration.RegistrationTestCases" name="allFieldBlank" time="3.351"/>
  <testcase classname="com.Kodnest.Registration.RegistrationTestCases" name="invalidFormatedEmailEntry" time="6.651"/>
  <testcase classname="com.Kodnest.Registration.RegistrationTestCases" name="registeredEmailEntry" time="6.59"/>
  <testcase classname="com.Kodnest.Registration.RegistrationTestCases" name="negativePhoneEntry" time="6.558"/>
  <testcase classname="com.Kodnest.Registration.RegistrationTestCases" name="lesserThanTenDigitPhoneAndWhatsappEntry" time="6.539"/>
  <testcase classname="com.Kodnest.Registration.RegistrationTestCases" name="moreThanTenDigitPhoneAndWhatsappEntry" time="6.488"/>
  <testcase classname="com.Kodnest.Registration.RegistrationTestCases" name="graduationYearDropDown" time="0.017"/>
  <testcase classname="com.Kodnest.Registration.RegistrationTestCases" name="languageDropDown" time="0.009"/>
  <testcase classname="com.Kodnest.Registration.RegistrationTestCases" name="nonExistingUserReferralEntry" time="6.607"/>
  <testcase classname="com.Kodnest.Registration.RegistrationTestCases" name="allValidInputs" time="0.018"/>
</testsuite> <!-- TestRegistrationKodNest -->
