<?xml version="1.0" encoding="UTF-8"?>
<!-- Generated by org.testng.reporters.JUnitXMLReporter -->
<testsuite ignored="0" hostname="DESKTOP-FGSNC6I" failures="0" tests="4" name="TestPasswordRecoveryKodNest" time="30.329" errors="0" timestamp="2025-08-23T21:58:25 IST">
  <testcase classname="com.Kodnest.ForgotPassword.ForgotPassword" name="invalidEmailFormat" time="2.727"/>
  <testcase classname="com.Kodnest.ForgotPassword.ForgotPassword" name="emptyField" time="3.304"/>
  <testcase classname="com.Kodnest.ForgotPassword.ForgotPassword" name="invalidUser" time="3.871"/>
  <testcase classname="com.Kodnest.ForgotPassword.ForgotPassword" name="validUser" time="0.19"/>
</testsuite> <!-- TestPasswordRecoveryKodNest -->
