<?xml version="1.0" encoding="UTF-8"?>
<!-- Generated by org.testng.reporters.JUnitXMLReporter -->
<testsuite ignored="0" hostname="DESKTOP-FGSNC6I" failures="0" tests="4" name="TestPasswordRecoveryKodNest" time="12.149" errors="0" timestamp="2025-08-11T20:58:10 IST">
  <testcase classname="com.Kodnest.ForgotPassword.ForgotPassword" name="invalidEmailFormat" time="1.928"/>
  <testcase classname="com.Kodnest.ForgotPassword.ForgotPassword" name="emptyField" time="1.56"/>
  <testcase classname="com.Kodnest.ForgotPassword.ForgotPassword" name="invalidUser" time="3.604"/>
  <testcase classname="com.Kodnest.ForgotPassword.ForgotPassword" name="validUser" time="0.207"/>
</testsuite> <!-- TestPasswordRecoveryKodNest -->
