<?xml version="1.0" encoding="UTF-8"?>
<!-- Generated by org.testng.reporters.JUnitXMLReporter -->
<testsuite ignored="0" hostname="DESKTOP-FGSNC6I" failures="0" tests="12" name="TestRegistrationKodNest" time="81.728" errors="0" timestamp="2025-08-23T21:59:47 IST">
  <testcase classname="com.Kodnest.Registration.RegistrationTestCases" name="numericValueInNameField" time="6.165"/>
  <testcase classname="com.Kodnest.Registration.RegistrationTestCases" name="specialValueInNameField" time="6.916"/>
  <testcase classname="com.Kodnest.Registration.RegistrationTestCases" name="allFieldBlank" time="3.439"/>
  <testcase classname="com.Kodnest.Registration.RegistrationTestCases" name="invalidFormatedEmailEntry" time="6.718"/>
  <testcase classname="com.Kodnest.Registration.RegistrationTestCases" name="registeredEmailEntry" time="7.095"/>
  <testcase classname="com.Kodnest.Registration.RegistrationTestCases" name="negativePhoneEntry" time="7.312"/>
  <testcase classname="com.Kodnest.Registration.RegistrationTestCases" name="lesserThanTenDigitPhoneAndWhatsappEntry" time="7.14"/>
  <testcase classname="com.Kodnest.Registration.RegistrationTestCases" name="moreThanTenDigitPhoneAndWhatsappEntry" time="6.791"/>
  <testcase classname="com.Kodnest.Registration.RegistrationTestCases" name="graduationYearDropDown" time="0.003"/>
  <testcase classname="com.Kodnest.Registration.RegistrationTestCases" name="languageDropDown" time="0.002"/>
  <testcase classname="com.Kodnest.Registration.RegistrationTestCases" name="nonExistingUserReferralEntry" time="6.407"/>
  <testcase classname="com.Kodnest.Registration.RegistrationTestCases" name="allValidInputs" time="0.001"/>
</testsuite> <!-- TestRegistrationKodNest -->
